<?xml version="1.0" encoding="UTF-8"?>
<testsuite xmlns:xsi="http://www.w3.org/2001/XMLSchema-instance" xsi:noNamespaceSchemaLocation="https://maven.apache.org/surefire/maven-surefire-plugin/xsd/surefire-test-report-3.0.xsd" version="3.0" name="br.ornelas.tests.DeleteTest" time="2.19" tests="1" errors="0" skipped="0" failures="0">
  <properties>
[...]
</properties>
  <testcase name="testDeletePost" classname="br.ornelas.tests.DeleteTest" time="1.828">
    <system-out><![CDATA[Post com ID br.ornelas.tests.PostTest@45c8d09f deletado.
]]></system-out>
  </testcase>
</testsuite>