<?xml version="1.0" encoding="UTF-8"?>
<testsuite xmlns:xsi="http://www.w3.org/2001/XMLSchema-instance" xsi:noNamespaceSchemaLocation="https://maven.apache.org/surefire/maven-surefire-plugin/xsd/surefire-test-report-3.0.xsd" version="3.0" name="TesteBasico" time="0.97" tests="1" errors="0" skipped="0" failures="0">
  <properties>
[...]
</properties>
  <testcase name="testGetBooking" classname="TesteBasico" time="0.968">
    <system-out><![CDATA[HTTP/1.1 200 OK
Server: Cowboy
Report-To: {"group":"heroku-nel","max_age":3600,"endpoints":[{"url":"https://nel.heroku.com/reports?ts=1738543294&sid=c46efe9b-d3d2-4a0c-8c76-bfafa16c5add&s=%2Bs8dte%2BpBKKZAdF2be3jOhNYQxm4DmhggNpJugmqEnI%3D"}]}
Reporting-Endpoints: heroku-nel=https://nel.heroku.com/reports?ts=1738543294&sid=c46efe9b-d3d2-4a0c-8c76-bfafa16c5add&s=%2Bs8dte%2BpBKKZAdF2be3jOhNYQxm4DmhggNpJugmqEnI%3D
Nel: {"report_to":"heroku-nel","max_age":3600,"success_fraction":0.005,"failure_fraction":0.05,"response_headers":["Via"]}
Connection: keep-alive
X-Powered-By: Express
Content-Type: application/json; charset=utf-8
Content-Length: 5130
Etag: W/"140a-Qkegsal9uU1FVLN1EKrP/U892cU"
Date: Mon, 03 Feb 2025 00:41:34 GMT
Via: 1.1 vegur

[
    {
        "bookingid": 119
    },
    {
        "bookingid": 359
    },
    {
        "bookingid": 402
    },
    {
        "bookingid": 344
    },
    {
        "bookingid": 106
    },
    {
        "bookingid": 326
    },
    {
        "bookingid": 94
    },
    {
        "bookingid": 252
    },
    {
        "bookingid": 271
    },
    {
        "bookingid": 353
    },
    {
        "bookingid": 250
    },
    {
        "bookingid": 52
    },
    {
        "bookingid": 392
    },
    {
        "bookingid": 191
    },
    {
        "bookingid": 316
    },
    {
        "bookingid": 6
    },
    {
        "bookingid": 386
    },
    {
        "bookingid": 162
    },
    {
        "bookingid": 390
    },
    {
        "bookingid": 339
    },
    {
        "bookingid": 308
    },
    {
        "bookingid": 301
    },
    {
        "bookingid": 171
    },
    {
        "bookingid": 246
    },
    {
        "bookingid": 51
    },
    {
        "bookingid": 81
    },
    {
        "bookingid": 298
    },
    {
        "bookingid": 255
    },
    {
        "bookingid": 302
    },
    {
        "bookingid": 264
    },
    {
        "bookingid": 45
    },
    {
        "bookingid": 166
    },
    {
        "bookingid": 244
    },
    {
        "bookingid": 354
    },
    {
        "bookingid": 238
    },
    {
        "bookingid": 61
    },
    {
        "bookingid": 67
    },
    {
        "bookingid": 240
    },
    {
        "bookingid": 23
    },
    {
        "bookingid": 1
    },
    {
        "bookingid": 44
    },
    {
        "bookingid": 182
    },
    {
        "bookingid": 179
    },
    {
        "bookingid": 107
    },
    {
        "bookingid": 276
    },
    {
        "bookingid": 70
    },
    {
        "bookingid": 333
    },
    {
        "bookingid": 186
    },
    {
        "bookingid": 216
    },
    {
        "bookingid": 159
    },
    {
        "bookingid": 198
    },
    {
        "bookingid": 178
    },
    {
        "bookingid": 137
    },
    {
        "bookingid": 13
    },
    {
        "bookingid": 14
    },
    {
        "bookingid": 374
    },
    {
        "bookingid": 20
    },
    {
        "bookingid": 275
    },
    {
        "bookingid": 376
    },
    {
        "bookingid": 90
    },
    {
        "bookingid": 25
    },
    {
        "bookingid": 177
    },
    {
        "bookingid": 203
    },
    {
        "bookingid": 87
    },
    {
        "bookingid": 35
    },
    {
        "bookingid": 280
    },
    {
        "bookingid": 239
    },
    {
        "bookingid": 323
    },
    {
        "bookingid": 118
    },
    {
        "bookingid": 56
    },
    {
        "bookingid": 26
    },
    {
        "bookingid": 99
    },
    {
        "bookingid": 73
    },
    {
        "bookingid": 293
    },
    {
        "bookingid": 109
    },
    {
        "bookingid": 189
    },
    {
        "bookingid": 349
    },
    {
        "bookingid": 8
    },
    {
        "bookingid": 160
    },
    {
        "bookingid": 88
    },
    {
        "bookingid": 55
    },
    {
        "bookingid": 395
    },
    {
        "bookingid": 369
    },
    {
        "bookingid": 141
    },
    {
        "bookingid": 294
    },
    {
        "bookingid": 383
    },
    {
        "bookingid": 29
    },
    {
        "bookingid": 360
    },
    {
        "bookingid": 258
    },
    {
        "bookingid": 336
    },
    {
        "bookingid": 364
    },
    {
        "bookingid": 133
    },
    {
        "bookingid": 286
    },
    {
        "bookingid": 202
    },
    {
        "bookingid": 371
    },
    {
        "bookingid": 201
    },
    {
        "bookingid": 181
    },
    {
        "bookingid": 41
    },
    {
        "bookingid": 36
    },
    {
        "bookingid": 24
    },
    {
        "bookingid": 403
    },
    {
        "bookingid": 400
    },
    {
        "bookingid": 144
    },
    {
        "bookingid": 17
    },
    {
        "bookingid": 148
    },
    {
        "bookingid": 204
    },
    {
        "bookingid": 34
    },
    {
        "bookingid": 311
    },
    {
        "bookingid": 214
    },
    {
        "bookingid": 59
    },
    {
        "bookingid": 167
    },
    {
        "bookingid": 195
    },
    {
        "bookingid": 188
    },
    {
        "bookingid": 91
    },
    {
        "bookingid": 283
    },
    {
        "bookingid": 48
    },
    {
        "bookingid": 211
    },
    {
        "bookingid": 172
    },
    {
        "bookingid": 93
    },
    {
        "bookingid": 263
    },
    {
        "bookingid": 82
    },
    {
        "bookingid": 39
    },
    {
        "bookingid": 125
    },
    {
        "bookingid": 223
    },
    {
        "bookingid": 138
    },
    {
        "bookingid": 7
    },
    {
        "bookingid": 289
    },
    {
        "bookingid": 315
    },
    {
        "bookingid": 2
    },
    {
        "bookingid": 231
    },
    {
        "bookingid": 306
    },
    {
        "bookingid": 377
    },
    {
        "bookingid": 105
    },
    {
        "bookingid": 387
    },
    {
        "bookingid": 367
    },
    {
        "bookingid": 154
    },
    {
        "bookingid": 346
    },
    {
        "bookingid": 259
    },
    {
        "bookingid": 42
    },
    {
        "bookingid": 102
    },
    {
        "bookingid": 95
    },
    {
        "bookingid": 229
    },
    {
        "bookingid": 128
    },
    {
        "bookingid": 296
    },
    {
        "bookingid": 4
    },
    {
        "bookingid": 389
    },
    {
        "bookingid": 38
    },
    {
        "bookingid": 120
    },
    {
        "bookingid": 153
    },
    {
        "bookingid": 10
    },
    {
        "bookingid": 348
    },
    {
        "bookingid": 3
    },
    {
        "bookingid": 124
    },
    {
        "bookingid": 112
    },
    {
        "bookingid": 249
    },
    {
        "bookingid": 79
    },
    {
        "bookingid": 146
    },
    {
        "bookingid": 165
    },
    {
        "bookingid": 37
    },
    {
        "bookingid": 233
    },
    {
        "bookingid": 32
    },
    {
        "bookingid": 117
    },
    {
        "bookingid": 361
    },
    {
        "bookingid": 256
    },
    {
        "bookingid": 299
    },
    {
        "bookingid": 332
    },
    {
        "bookingid": 22
    },
    {
        "bookingid": 19
    },
    {
        "bookingid": 245
    },
    {
        "bookingid": 18
    },
    {
        "bookingid": 261
    },
    {
        "bookingid": 175
    },
    {
        "bookingid": 50
    },
    {
        "bookingid": 288
    },
    {
        "bookingid": 58
    },
    {
        "bookingid": 224
    },
    {
        "bookingid": 329
    },
    {
        "bookingid": 217
    },
    {
        "bookingid": 76
    },
    {
        "bookingid": 132
    },
    {
        "bookingid": 135
    },
    {
        "bookingid": 382
    },
    {
        "bookingid": 96
    },
    {
        "bookingid": 379
    },
    {
        "bookingid": 111
    },
    {
        "bookingid": 366
    },
    {
        "bookingid": 318
    },
    {
        "bookingid": 184
    },
    {
        "bookingid": 136
    },
    {
        "bookingid": 305
    },
    {
        "bookingid": 243
    },
    {
        "bookingid": 343
    },
    {
        "bookingid": 237
    },
    {
        "bookingid": 251
    },
    {
        "bookingid": 100
    },
    {
        "bookingid": 219
    },
    {
        "bookingid": 319
    },
    {
        "bookingid": 358
    },
    {
        "bookingid": 365
    },
    {
        "bookingid": 394
    },
    {
        "bookingid": 15
    },
    {
        "bookingid": 341
    },
    {
        "bookingid": 54
    },
    {
        "bookingid": 199
    },
    {
        "bookingid": 113
    },
    {
        "bookingid": 304
    },
    {
        "bookingid": 161
    },
    {
        "bookingid": 396
    },
    {
        "bookingid": 126
    },
    {
        "bookingid": 267
    },
    {
        "bookingid": 327
    },
    {
        "bookingid": 115
    },
    {
        "bookingid": 209
    },
    {
        "bookingid": 168
    },
    {
        "bookingid": 347
    },
    {
        "bookingid": 130
    },
    {
        "bookingid": 46
    },
    {
        "bookingid": 228
    },
    {
        "bookingid": 207
    },
    {
        "bookingid": 312
    },
    {
        "bookingid": 9
    },
    {
        "bookingid": 149
    },
    {
        "bookingid": 335
    },
    {
        "bookingid": 351
    },
    {
        "bookingid": 262
    },
    {
        "bookingid": 292
    },
    {
        "bookingid": 16
    },
    {
        "bookingid": 320
    },
    {
        "bookingid": 208
    },
    {
        "bookingid": 232
    },
    {
        "bookingid": 230
    },
    {
        "bookingid": 28
    },
    {
        "bookingid": 155
    },
    {
        "bookingid": 31
    },
    {
        "bookingid": 40
    },
    {
        "bookingid": 338
    },
    {
        "bookingid": 193
    },
    {
        "bookingid": 368
    },
    {
        "bookingid": 397
    },
    {
        "bookingid": 378
    },
    {
        "bookingid": 268
    },
    {
        "bookingid": 190
    },
    {
        "bookingid": 85
    },
    {
        "bookingid": 284
    },
    {
        "bookingid": 53
    },
    {
        "bookingid": 213
    },
    {
        "bookingid": 147
    },
    {
        "bookingid": 225
    },
    {
        "bookingid": 401
    },
    {
        "bookingid": 63
    },
    {
        "bookingid": 324
    },
    {
        "bookingid": 84
    },
    {
        "bookingid": 174
    },
    {
        "bookingid": 196
    },
    {
        "bookingid": 12
    },
    {
        "bookingid": 49
    },
    {
        "bookingid": 66
    },
    {
        "bookingid": 101
    },
    {
        "bookingid": 145
    },
    {
        "bookingid": 218
    },
    {
        "bookingid": 156
    },
    {
        "bookingid": 385
    },
    {
        "bookingid": 278
    },
    {
        "bookingid": 287
    },
    {
        "bookingid": 72
    },
    {
        "bookingid": 282
    },
    {
        "bookingid": 314
    },
    {
        "bookingid": 185
    },
    {
        "bookingid": 310
    },
    {
        "bookingid": 5
    },
    {
        "bookingid": 123
    },
    {
        "bookingid": 68
    },
    {
        "bookingid": 62
    },
    {
        "bookingid": 372
    },
    {
        "bookingid": 274
    },
    {
        "bookingid": 60
    },
    {
        "bookingid": 27
    },
    {
        "bookingid": 270
    },
    {
        "bookingid": 33
    },
    {
        "bookingid": 277
    },
    {
        "bookingid": 11
    },
    {
        "bookingid": 74
    },
    {
        "bookingid": 221
    },
    {
        "bookingid": 330
    },
    {
        "bookingid": 140
    },
    {
        "bookingid": 78
    },
    {
        "bookingid": 30
    },
    {
        "bookingid": 269
    },
    {
        "bookingid": 356
    },
    {
        "bookingid": 110
    }
]
]]></system-out>
  </testcase>
</testsuite>